2026-02-13 15:41:44,690 - email_utils - INFO - [ThreadPoolExecutor-1_0] - 成功获取新的访问令牌
2026-02-13 15:41:44,789 - email_utils - INFO - [ThreadPoolExecutor-1_0] - ===== 开始处理邮箱: malikmuhammad30@outlook.com (ID:8) =====
2026-02-13 15:41:47,310 - email_utils - INFO - [ThreadPoolExecutor-1_0] - Graph folders selected: [('垃圾邮件', None), ('收件箱', None)]
2026-02-13 15:41:49,549 - email_utils - INFO - [ThreadPoolExecutor-1_0] - 开始保存 1 封邮件记录到数据库, 邮箱ID: 8
2026-02-13 15:41:49,551 - email_utils - INFO - [ThreadPoolExecutor-1_0] - 邮箱 (ID:8) 进度: 100% - 正在保存邮件记录 (1/1)
2026-02-13 15:41:49,553 - email_utils - INFO - [ThreadPoolExecutor-1_0] - 完成保存邮件记录: 总计 1 封, 新增 0 封
2026-02-13 15:41:49,554 - email_utils - INFO - [ThreadPoolExecutor-1_0] - 更新邮箱 ID:8 的检查时间
2026-02-13 15:41:49,665 - email_utils - INFO - [ThreadPoolExecutor-1_0] - ===== 邮箱处理完成: malikmuhammad30@outlook.com (ID:8) =====
2026-02-13 15:41:49,666 - email_utils - INFO - [ThreadPoolExecutor-1_0] - 总邮件数: 1, 成功处理: 1, 新增: 0
2026-02-13 15:41:49,667 - email_utils - INFO - [ThreadPoolExecutor-1_0] - 邮箱 ID 8 处理完成，已从处理队列中移除
2026-02-13 15:43:51,949 - email_utils - INFO - [Thread-8 (process_request_thread)] - 成功获取新的访问令牌
2026-02-13 15:46:47,140 - email_utils - INFO - [ThreadPoolExecutor-1_0] - 成功获取新的访问令牌
2026-02-13 15:46:47,229 - email_utils - INFO - [ThreadPoolExecutor-1_0] - ===== 开始处理邮箱: malikmuhammad30@outlook.com (ID:8) =====
2026-02-13 15:46:47,968 - email_utils - INFO - [ThreadPoolExecutor-1_0] - Graph folders selected: [('垃圾邮件', None), ('收件箱', None)]
2026-02-13 15:46:54,643 - email_utils - INFO - [ThreadPoolExecutor-1_0] - 更新邮箱 ID:8 的检查时间
2026-02-13 15:46:54,734 - email_utils - INFO - [ThreadPoolExecutor-1_0] - 邮箱 ID 8 处理完成，已从处理队列中移除
2026-02-13 15:50:40,571 - email_utils - INFO - [Thread-1 (start_websocket_server)] - 成功获取新的访问令牌
2026-02-13 15:52:05,496 - email_utils - INFO - [ThreadPoolExecutor-1_0] - 成功获取新的访问令牌
2026-02-13 15:52:05,608 - email_utils - INFO - [ThreadPoolExecutor-1_0] - ===== 开始处理邮箱: malikmuhammad30@outlook.com (ID:8) =====
2026-02-13 15:52:13,804 - email_utils - INFO - [ThreadPoolExecutor-1_0] - Graph folders selected: [('垃圾邮件', None), ('收件箱', None)]
2026-02-13 15:52:20,543 - email_utils - INFO - [ThreadPoolExecutor-1_0] - 更新邮箱 ID:8 的检查时间
2026-02-13 15:52:20,651 - email_utils - INFO - [ThreadPoolExecutor-1_0] - 邮箱 ID 8 处理完成，已从处理队列中移除
2026-02-13 15:56:53,077 - email_utils - INFO - [ThreadPoolExecutor-1_0] - 成功获取新的访问令牌
2026-02-13 15:56:53,199 - email_utils - INFO - [ThreadPoolExecutor-1_0] - ===== 开始处理邮箱: malikmuhammad30@outlook.com (ID:8) =====
2026-02-13 15:56:53,824 - email_utils - INFO - [ThreadPoolExecutor-1_0] - Graph folders selected: [('垃圾邮件', None), ('收件箱', None)]
2026-02-13 15:57:25,011 - email_utils - ERROR - [ThreadPoolExecutor-1_0] - ===== 邮箱处理错误: malikmuhammad30@outlook.com (ID:8) =====
2026-02-13 15:57:25,012 - email_utils - ERROR - [ThreadPoolExecutor-1_0] - 错误详情: Graph 拉取失败: HTTPSConnectionPool(host='graph.microsoft.com', port=443): Read timed out. (read timeout=30)
2026-02-13 15:57:25,019 - email_utils - INFO - [ThreadPoolExecutor-1_0] - 邮箱 ID 8 处理完成，已从处理队列中移除
2026-02-13 16:00:29,782 - email_utils - INFO - [Thread-1 (start_websocket_server)] - 成功获取新的访问令牌
2026-02-13 16:01:56,268 - email_utils - INFO - [ThreadPoolExecutor-1_0] - 成功获取新的访问令牌
2026-02-13 16:01:56,415 - email_utils - INFO - [ThreadPoolExecutor-1_0] - ===== 开始处理邮箱: malikmuhammad30@outlook.com (ID:8) =====
2026-02-13 16:01:58,644 - email_utils - INFO - [ThreadPoolExecutor-1_0] - Graph folders selected: [('垃圾邮件', None), ('收件箱', None)]
2026-02-13 16:02:04,752 - email_utils - INFO - [ThreadPoolExecutor-1_0] - 更新邮箱 ID:8 的检查时间
2026-02-13 16:02:04,814 - email_utils - INFO - [ThreadPoolExecutor-1_0] - 邮箱 ID 8 处理完成，已从处理队列中移除
2026-02-13 16:04:00,888 - email_utils - INFO - [ThreadPoolExecutor-1_0] - 成功获取新的访问令牌
2026-02-13 16:04:00,958 - email_utils - INFO - [ThreadPoolExecutor-1_0] - ===== 开始处理邮箱: malikmuhammad30@outlook.com (ID:8) =====
2026-02-13 16:04:03,054 - email_utils - INFO - [ThreadPoolExecutor-1_0] - Graph folders selected: [('垃圾邮件', None), ('收件箱', None)]
2026-02-13 16:04:21,705 - email_utils - INFO - [ThreadPoolExecutor-1_0] - 更新邮箱 ID:8 的检查时间
2026-02-13 16:04:21,769 - email_utils - INFO - [ThreadPoolExecutor-1_0] - 邮箱 ID 8 处理完成，已从处理队列中移除
2026-02-13 16:07:33,127 - email_utils - INFO - [Thread-1 (start_websocket_server)] - 成功获取新的访问令牌
2026-02-13 16:09:10,570 - email_utils - INFO - [ThreadPoolExecutor-1_0] - 成功获取新的访问令牌
2026-02-13 16:09:10,663 - email_utils - INFO - [ThreadPoolExecutor-1_0] - ===== 开始处理邮箱: malikmuhammad30@outlook.com (ID:8) =====
2026-02-13 16:09:12,064 - email_utils - INFO - [ThreadPoolExecutor-1_0] - Graph folders selected: [('垃圾邮件', None), ('收件箱', None)]
2026-02-13 16:09:26,477 - email_utils - INFO - [ThreadPoolExecutor-1_0] - 更新邮箱 ID:8 的检查时间
2026-02-13 16:09:26,573 - email_utils - INFO - [ThreadPoolExecutor-1_0] - 邮箱 ID 8 处理完成，已从处理队列中移除
2026-02-13 16:14:07,502 - email_utils - INFO - [ThreadPoolExecutor-1_0] - 成功获取新的访问令牌
2026-02-13 16:14:07,577 - email_utils - INFO - [ThreadPoolExecutor-1_0] - ===== 开始处理邮箱: malikmuhammad30@outlook.com (ID:8) =====
2026-02-13 16:14:10,575 - email_utils - INFO - [ThreadPoolExecutor-1_0] - Graph folders selected: [('垃圾邮件', None), ('收件箱', None)]
2026-02-13 16:14:13,150 - email_utils - INFO - [ThreadPoolExecutor-1_0] - 更新邮箱 ID:8 的检查时间
2026-02-13 16:14:13,266 - email_utils - INFO - [ThreadPoolExecutor-1_0] - 邮箱 ID 8 处理完成，已从处理队列中移除
2026-02-13 16:19:10,433 - email_utils - INFO - [ThreadPoolExecutor-1_0] - 成功获取新的访问令牌
2026-02-13 16:19:10,549 - email_utils - INFO - [ThreadPoolExecutor-1_0] - ===== 开始处理邮箱: malikmuhammad30@outlook.com (ID:8) =====
2026-02-13 16:19:12,556 - email_utils - INFO - [ThreadPoolExecutor-1_0] - Graph folders selected: [('垃圾邮件', None), ('收件箱', None)]
2026-02-13 16:19:37,016 - email_utils - INFO - [ThreadPoolExecutor-1_0] - 更新邮箱 ID:8 的检查时间
2026-02-13 16:19:37,115 - email_utils - INFO - [ThreadPoolExecutor-1_0] - 邮箱 ID 8 处理完成，已从处理队列中移除
2026-02-13 16:24:12,682 - email_utils - INFO - [ThreadPoolExecutor-1_0] - 成功获取新的访问令牌
2026-02-13 16:24:12,787 - email_utils - INFO - [ThreadPoolExecutor-1_0] - ===== 开始处理邮箱: malikmuhammad30@outlook.com (ID:8) =====
2026-02-13 16:24:13,351 - email_utils - INFO - [ThreadPoolExecutor-1_0] - Graph folders selected: [('垃圾邮件', None), ('收件箱', None)]
2026-02-13 16:24:15,756 - email_utils - INFO - [ThreadPoolExecutor-1_0] - 更新邮箱 ID:8 的检查时间
2026-02-13 16:24:15,875 - email_utils - INFO - [ThreadPoolExecutor-1_0] - 邮箱 ID 8 处理完成，已从处理队列中移除
2026-02-13 16:27:29,844 - email_utils - INFO - [Thread-1 (start_websocket_server)] - 成功获取新的访问令牌
2026-02-13 16:29:15,480 - email_utils - INFO - [ThreadPoolExecutor-1_0] - 成功获取新的访问令牌
2026-02-13 16:29:15,613 - email_utils - INFO - [ThreadPoolExecutor-1_0] - ===== 开始处理邮箱: malikmuhammad30@outlook.com (ID:8) =====
2026-02-13 16:29:16,847 - email_utils - INFO - [ThreadPoolExecutor-1_0] - Graph folders selected: [('垃圾邮件', None), ('收件箱', None)]
2026-02-13 16:29:23,767 - email_utils - INFO - [ThreadPoolExecutor-1_0] - 更新邮箱 ID:8 的检查时间
2026-02-13 16:29:23,873 - email_utils - INFO - [ThreadPoolExecutor-1_0] - 邮箱 ID 8 处理完成，已从处理队列中移除
2026-02-13 16:30:31,530 - email_utils - INFO - [ThreadPoolExecutor-1_0] - 成功获取新的访问令牌
2026-02-13 16:30:31,646 - email_utils - INFO - [ThreadPoolExecutor-1_0] - ===== 开始处理邮箱: malikmuhammad30@outlook.com (ID:8) =====
2026-02-13 16:30:33,161 - email_utils - INFO - [ThreadPoolExecutor-1_0] - Graph folders selected: [('垃圾邮件', None), ('收件箱', None)]
2026-02-13 16:30:35,534 - email_utils - INFO - [ThreadPoolExecutor-1_0] - 更新邮箱 ID:8 的检查时间
2026-02-13 16:30:35,633 - email_utils - INFO - [ThreadPoolExecutor-1_0] - 邮箱 ID 8 处理完成，已从处理队列中移除
2026-02-13 16:34:27,368 - email_utils - INFO - [Thread-1 (start_websocket_server)] - 成功获取新的访问令牌
2026-02-13 16:34:34,865 - email_utils - INFO - [ThreadPoolExecutor-0_0] - 成功获取新的访问令牌
2026-02-13 16:34:34,974 - email_utils - INFO - [ThreadPoolExecutor-0_0] - ===== 开始处理邮箱: malikmuhammad30@outlook.com (ID:8) =====
2026-02-13 16:34:35,912 - email_utils - INFO - [ThreadPoolExecutor-0_0] - Graph folders selected: [('垃圾邮件', None), ('收件箱', None)]
2026-02-13 16:34:38,508 - email_utils - INFO - [ThreadPoolExecutor-0_0] - 更新邮箱 ID:8 的检查时间
2026-02-13 16:34:38,634 - email_utils - INFO - [ThreadPoolExecutor-0_0] - 邮箱 ID 8 处理完成，已从处理队列中移除
2026-02-13 16:35:31,050 - email_utils - INFO - [ThreadPoolExecutor-1_0] - 成功获取新的访问令牌
2026-02-13 16:35:31,129 - email_utils - INFO - [ThreadPoolExecutor-1_0] - ===== 开始处理邮箱: malikmuhammad30@outlook.com (ID:8) =====
2026-02-13 16:35:31,788 - email_utils - INFO - [ThreadPoolExecutor-1_0] - Graph folders selected: [('垃圾邮件', None), ('收件箱', None)]
2026-02-13 16:35:32,619 - email_utils - INFO - [ThreadPoolExecutor-1_1] - 成功获取新的访问令牌
2026-02-13 16:35:32,723 - email_utils - INFO - [ThreadPoolExecutor-1_1] - ===== 开始处理邮箱: suzan2298@outlook.com (ID:9) =====
2026-02-13 16:35:32,984 - email_utils - INFO - [ThreadPoolExecutor-1_0] - 更新邮箱 ID:8 的检查时间
2026-02-13 16:35:33,082 - email_utils - INFO - [ThreadPoolExecutor-1_0] - 邮箱 ID 8 处理完成，已从处理队列中移除
2026-02-13 16:35:33,805 - email_utils - INFO - [ThreadPoolExecutor-1_1] - Graph folders selected: [('垃圾邮件', None), ('收件箱', None)]
2026-02-13 16:35:35,618 - email_utils - INFO - [ThreadPoolExecutor-1_1] - 开始保存 13 封邮件记录到数据库, 邮箱ID: 9
2026-02-13 16:35:36,883 - email_utils - INFO - [ThreadPoolExecutor-1_1] - 邮箱 (ID:9) 进度: 100% - 正在保存邮件记录 (13/13)
2026-02-13 16:35:36,986 - email_utils - INFO - [ThreadPoolExecutor-1_1] - 完成保存邮件记录: 总计 13 封, 新增 11 封
2026-02-13 16:35:36,987 - email_utils - INFO - [ThreadPoolExecutor-1_1] - 更新邮箱 ID:9 的检查时间
2026-02-13 16:35:37,082 - email_utils - INFO - [ThreadPoolExecutor-1_1] - ===== 邮箱处理完成: suzan2298@outlook.com (ID:9) =====
2026-02-13 16:35:37,083 - email_utils - INFO - [ThreadPoolExecutor-1_1] - 总邮件数: 13, 成功处理: 13, 新增: 11
2026-02-13 16:35:37,085 - email_utils - INFO - [ThreadPoolExecutor-1_1] - 邮箱 ID 9 处理完成，已从处理队列中移除
2026-02-13 16:40:37,606 - email_utils - INFO - [ThreadPoolExecutor-1_0] - 成功获取新的访问令牌
2026-02-13 16:40:37,709 - email_utils - INFO - [ThreadPoolExecutor-1_0] - ===== 开始处理邮箱: malikmuhammad30@outlook.com (ID:8) =====
2026-02-13 16:40:37,984 - email_utils - INFO - [ThreadPoolExecutor-1_1] - 成功获取新的访问令牌
2026-02-13 16:40:38,113 - email_utils - INFO - [ThreadPoolExecutor-1_1] - ===== 开始处理邮箱: suzan2298@outlook.com (ID:9) =====
2026-02-13 16:40:39,646 - email_utils - INFO - [ThreadPoolExecutor-1_1] - Graph folders selected: [('垃圾邮件', None), ('收件箱', None)]
2026-02-13 16:40:39,963 - email_utils - INFO - [ThreadPoolExecutor-1_0] - Graph folders selected: [('垃圾邮件', None), ('收件箱', None)]
2026-02-13 16:40:42,545 - email_utils - INFO - [ThreadPoolExecutor-1_1] - 更新邮箱 ID:9 的检查时间
2026-02-13 16:40:42,670 - email_utils - INFO - [ThreadPoolExecutor-1_1] - 邮箱 ID 9 处理完成，已从处理队列中移除
2026-02-13 16:40:49,641 - email_utils - INFO - [ThreadPoolExecutor-1_0] - 更新邮箱 ID:8 的检查时间
2026-02-13 16:40:49,765 - email_utils - INFO - [ThreadPoolExecutor-1_0] - 邮箱 ID 8 处理完成，已从处理队列中移除
2026-02-13 16:41:33,502 - email_utils - INFO - [Thread-16 (process_request_thread)] - 成功获取新的访问令牌
2026-02-13 16:41:40,412 - email_utils - INFO - [Thread-17 (process_request_thread)] - 成功获取新的访问令牌
2026-02-13 16:41:47,008 - email_utils - INFO - [Thread-18 (process_request_thread)] - 成功获取新的访问令牌
2026-02-13 16:42:15,298 - email_utils - INFO - [Thread-26 (process_request_thread)] - 成功获取新的访问令牌
2026-02-13 16:42:26,876 - email_utils - INFO - [Thread-27 (process_request_thread)] - 成功获取新的访问令牌
2026-02-13 16:42:52,982 - email_utils - INFO - [Thread-30 (process_request_thread)] - 成功获取新的访问令牌
2026-02-13 16:42:55,864 - email_utils - INFO - [Thread-31 (process_request_thread)] - 成功获取新的访问令牌
2026-02-13 16:43:09,151 - email_utils - INFO - [Thread-34 (process_request_thread)] - 成功获取新的访问令牌
2026-02-13 16:43:17,938 - email_utils - INFO - [Thread-33 (process_request_thread)] - 成功获取新的访问令牌
2026-02-13 16:44:04,288 - email_utils - INFO - [Thread-40 (process_request_thread)] - 成功获取新的访问令牌
2026-02-13 16:44:13,905 - email_utils - INFO - [Thread-44 (process_request_thread)] - 成功获取新的访问令牌
2026-02-13 16:44:14,498 - email_utils - INFO - [Thread-42 (process_request_thread)] - 成功获取新的访问令牌
2026-02-13 16:44:16,497 - email_utils - INFO - [Thread-41 (process_request_thread)] - 成功获取新的访问令牌
2026-02-13 16:44:23,104 - email_utils - INFO - [Thread-43 (process_request_thread)] - 成功获取新的访问令牌
2026-02-13 16:44:40,352 - email_utils - INFO - [Thread-46 (process_request_thread)] - 成功获取新的访问令牌
2026-02-13 16:45:41,145 - email_utils - INFO - [ThreadPoolExecutor-1_1] - 成功获取新的访问令牌
2026-02-13 16:45:41,247 - email_utils - INFO - [ThreadPoolExecutor-1_1] - ===== 开始处理邮箱: suzan2298@outlook.com (ID:9) =====
2026-02-13 16:45:42,056 - email_utils - INFO - [ThreadPoolExecutor-1_1] - Graph folders selected: [('垃圾邮件', None), ('收件箱', None)]
2026-02-13 16:45:43,845 - email_utils - INFO - [ThreadPoolExecutor-1_1] - 更新邮箱 ID:9 的检查时间
2026-02-13 16:45:43,947 - email_utils - INFO - [ThreadPoolExecutor-1_1] - 邮箱 ID 9 处理完成，已从处理队列中移除
2026-02-13 16:50:40,875 - email_utils - INFO - [ThreadPoolExecutor-1_0] - 成功获取新的访问令牌
2026-02-13 16:50:41,007 - email_utils - INFO - [ThreadPoolExecutor-1_0] - ===== 开始处理邮箱: suzan2298@outlook.com (ID:9) =====
2026-02-13 16:50:41,739 - email_utils - INFO - [ThreadPoolExecutor-1_0] - Graph folders selected: [('垃圾邮件', None), ('收件箱', None)]
2026-02-13 16:50:44,582 - email_utils - INFO - [ThreadPoolExecutor-1_0] - 更新邮箱 ID:9 的检查时间
2026-02-13 16:50:44,696 - email_utils - INFO - [ThreadPoolExecutor-1_0] - 邮箱 ID 9 处理完成，已从处理队列中移除
2026-02-13 16:56:44,052 - email_utils - INFO - [Thread-1 (start_websocket_server)] - 成功获取新的访问令牌
2026-02-13 16:57:12,459 - email_utils - INFO - [ThreadPoolExecutor-0_0] - 成功获取新的访问令牌
2026-02-13 16:57:12,581 - email_utils - INFO - [ThreadPoolExecutor-0_0] - ===== 开始处理邮箱: suzan2298@outlook.com (ID:10) =====
2026-02-13 16:57:13,286 - email_utils - INFO - [ThreadPoolExecutor-0_0] - Graph folders selected: [('垃圾邮件', None), ('收件箱', None)]
2026-02-13 16:57:23,323 - email_utils - INFO - [ThreadPoolExecutor-0_0] - 开始保存 14 封邮件记录到数据库, 邮箱ID: 10
2026-02-13 16:57:24,527 - email_utils - INFO - [ThreadPoolExecutor-0_0] - 邮箱 (ID:10) 进度: 100% - 正在保存邮件记录 (14/14)
2026-02-13 16:57:24,655 - email_utils - INFO - [ThreadPoolExecutor-0_0] - 完成保存邮件记录: 总计 14 封, 新增 11 封
2026-02-13 16:57:24,656 - email_utils - INFO - [ThreadPoolExecutor-0_0] - 更新邮箱 ID:10 的检查时间
2026-02-13 16:57:24,747 - email_utils - INFO - [ThreadPoolExecutor-0_0] - ===== 邮箱处理完成: suzan2298@outlook.com (ID:10) =====
2026-02-13 16:57:24,748 - email_utils - INFO - [ThreadPoolExecutor-0_0] - 总邮件数: 14, 成功处理: 14, 新增: 11
2026-02-13 16:57:24,750 - email_utils - INFO - [ThreadPoolExecutor-0_0] - 邮箱 ID 10 处理完成，已从处理队列中移除
2026-02-13 16:57:42,651 - email_utils - INFO - [Thread-55 (process_request_thread)] - 成功获取新的访问令牌
2026-02-13 16:57:57,698 - email_utils - INFO - [Thread-57 (process_request_thread)] - 成功获取新的访问令牌
2026-02-13 17:00:43,895 - email_utils - INFO - [ThreadPoolExecutor-1_1] - 成功获取新的访问令牌
2026-02-13 17:00:44,021 - email_utils - INFO - [ThreadPoolExecutor-1_1] - ===== 开始处理邮箱: suzan2298@outlook.com (ID:10) =====
2026-02-13 17:00:49,099 - email_utils - INFO - [ThreadPoolExecutor-1_1] - Graph folders selected: [('垃圾邮件', None), ('收件箱', None)]
2026-02-13 17:00:51,216 - email_utils - INFO - [ThreadPoolExecutor-1_1] - 更新邮箱 ID:10 的检查时间
2026-02-13 17:00:51,327 - email_utils - INFO - [ThreadPoolExecutor-1_1] - 邮箱 ID 10 处理完成，已从处理队列中移除
2026-02-13 17:01:49,839 - email_utils - INFO - [ThreadPoolExecutor-1_0] - 成功获取新的访问令牌
2026-02-13 17:01:49,946 - email_utils - INFO - [ThreadPoolExecutor-1_0] - ===== 开始处理邮箱: suzan2298@outlook.com (ID:10) =====
2026-02-13 17:01:52,226 - email_utils - INFO - [ThreadPoolExecutor-1_0] - Graph folders selected: [('垃圾邮件', None), ('收件箱', None)]
2026-02-13 17:01:57,450 - email_utils - INFO - [ThreadPoolExecutor-1_0] - 更新邮箱 ID:10 的检查时间
2026-02-13 17:01:57,574 - email_utils - INFO - [ThreadPoolExecutor-1_0] - 邮箱 ID 10 处理完成，已从处理队列中移除
2026-02-13 17:02:07,966 - email_utils - INFO - [Thread-7 (process_request_thread)] - 成功获取新的访问令牌
2026-02-13 17:04:34,735 - email_utils - INFO - [Thread-9 (process_request_thread)] - 成功获取新的访问令牌
2026-02-13 17:04:51,720 - email_utils - INFO - [Thread-11 (process_request_thread)] - 成功获取新的访问令牌
2026-02-13 17:05:05,844 - email_utils - INFO - [ThreadPoolExecutor-0_0] - 成功获取新的访问令牌
2026-02-13 17:05:05,972 - email_utils - INFO - [ThreadPoolExecutor-0_0] - ===== 开始处理邮箱: suzan2298@outlook.com (ID:10) =====
2026-02-13 17:05:06,650 - email_utils - INFO - [ThreadPoolExecutor-0_0] - Graph folders selected: [('垃圾邮件', None), ('收件箱', None)]
2026-02-13 17:05:09,829 - email_utils - INFO - [ThreadPoolExecutor-0_0] - 更新邮箱 ID:10 的检查时间
2026-02-13 17:05:09,943 - email_utils - INFO - [ThreadPoolExecutor-0_0] - 邮箱 ID 10 处理完成，已从处理队列中移除
2026-02-13 17:05:41,961 - email_utils - INFO - [Thread-16 (process_request_thread)] - 成功获取新的访问令牌
2026-02-13 17:05:51,500 - email_utils - INFO - [Thread-19 (process_request_thread)] - 成功获取新的访问令牌
2026-02-13 17:06:14,857 - email_utils - INFO - [Thread-23 (process_request_thread)] - 成功获取新的访问令牌
2026-02-13 17:06:22,674 - email_utils - INFO - [Thread-26 (process_request_thread)] - 成功获取新的访问令牌
2026-02-13 17:06:53,175 - email_utils - INFO - [ThreadPoolExecutor-1_0] - 成功获取新的访问令牌
2026-02-13 17:06:53,297 - email_utils - INFO - [ThreadPoolExecutor-1_0] - ===== 开始处理邮箱: suzan2298@outlook.com (ID:10) =====
2026-02-13 17:06:54,037 - email_utils - INFO - [ThreadPoolExecutor-1_0] - Graph folders selected: [('垃圾邮件', None), ('收件箱', None)]
2026-02-13 17:06:56,403 - email_utils - INFO - [ThreadPoolExecutor-1_0] - 更新邮箱 ID:10 的检查时间
2026-02-13 17:06:56,518 - email_utils - INFO - [ThreadPoolExecutor-1_0] - 邮箱 ID 10 处理完成，已从处理队列中移除
2026-02-13 17:11:56,294 - email_utils - INFO - [ThreadPoolExecutor-1_0] - 成功获取新的访问令牌
2026-02-13 17:11:56,436 - email_utils - INFO - [ThreadPoolExecutor-1_0] - ===== 开始处理邮箱: suzan2298@outlook.com (ID:10) =====
2026-02-13 17:11:57,172 - email_utils - INFO - [ThreadPoolExecutor-1_0] - Graph folders selected: [('垃圾邮件', None), ('收件箱', None)]
2026-02-13 17:12:01,094 - email_utils - INFO - [ThreadPoolExecutor-1_0] - 更新邮箱 ID:10 的检查时间
2026-02-13 17:12:01,212 - email_utils - INFO - [ThreadPoolExecutor-1_0] - 邮箱 ID 10 处理完成，已从处理队列中移除
2026-02-13 17:16:58,678 - email_utils - INFO - [ThreadPoolExecutor-1_0] - 成功获取新的访问令牌
2026-02-13 17:16:58,796 - email_utils - INFO - [ThreadPoolExecutor-1_0] - ===== 开始处理邮箱: suzan2298@outlook.com (ID:10) =====
2026-02-13 17:16:59,948 - email_utils - INFO - [ThreadPoolExecutor-1_0] - Graph folders selected: [('垃圾邮件', None), ('收件箱', None)]
2026-02-13 17:17:03,639 - email_utils - INFO - [ThreadPoolExecutor-1_0] - 更新邮箱 ID:10 的检查时间
2026-02-13 17:17:03,761 - email_utils - INFO - [ThreadPoolExecutor-1_0] - 邮箱 ID 10 处理完成，已从处理队列中移除
2026-02-13 17:22:02,685 - email_utils - INFO - [ThreadPoolExecutor-1_0] - 成功获取新的访问令牌
2026-02-13 17:22:02,810 - email_utils - INFO - [ThreadPoolExecutor-1_0] - ===== 开始处理邮箱: suzan2298@outlook.com (ID:10) =====
2026-02-13 17:22:07,773 - email_utils - INFO - [ThreadPoolExecutor-1_0] - Graph folders selected: [('垃圾邮件', None), ('收件箱', None)]
2026-02-13 17:22:10,062 - email_utils - INFO - [ThreadPoolExecutor-1_0] - 更新邮箱 ID:10 的检查时间
2026-02-13 17:22:10,176 - email_utils - INFO - [ThreadPoolExecutor-1_0] - 邮箱 ID 10 处理完成，已从处理队列中移除
2026-02-13 17:27:03,734 - email_utils - INFO - [ThreadPoolExecutor-1_0] - 成功获取新的访问令牌
2026-02-13 17:27:03,849 - email_utils - INFO - [ThreadPoolExecutor-1_0] - ===== 开始处理邮箱: suzan2298@outlook.com (ID:10) =====
2026-02-13 17:27:05,331 - email_utils - INFO - [ThreadPoolExecutor-1_0] - Graph folders selected: [('垃圾邮件', None), ('收件箱', None)]
2026-02-13 17:27:07,649 - email_utils - INFO - [ThreadPoolExecutor-1_0] - 更新邮箱 ID:10 的检查时间
2026-02-13 17:27:07,770 - email_utils - INFO - [ThreadPoolExecutor-1_0] - 邮箱 ID 10 处理完成，已从处理队列中移除
2026-02-13 17:32:07,064 - email_utils - INFO - [ThreadPoolExecutor-1_0] - 成功获取新的访问令牌
2026-02-13 17:32:07,186 - email_utils - INFO - [ThreadPoolExecutor-1_0] - ===== 开始处理邮箱: suzan2298@outlook.com (ID:10) =====
2026-02-13 17:32:07,953 - email_utils - INFO - [ThreadPoolExecutor-1_0] - Graph folders selected: [('垃圾邮件', None), ('收件箱', None)]
2026-02-13 17:32:09,755 - email_utils - INFO - [ThreadPoolExecutor-1_0] - 更新邮箱 ID:10 的检查时间
2026-02-13 17:32:09,875 - email_utils - INFO - [ThreadPoolExecutor-1_0] - 邮箱 ID 10 处理完成，已从处理队列中移除
2026-02-13 17:37:08,317 - email_utils - INFO - [ThreadPoolExecutor-1_0] - 成功获取新的访问令牌
2026-02-13 17:37:08,441 - email_utils - INFO - [ThreadPoolExecutor-1_0] - ===== 开始处理邮箱: suzan2298@outlook.com (ID:10) =====
2026-02-13 17:37:09,596 - email_utils - INFO - [ThreadPoolExecutor-1_0] - Graph folders selected: [('垃圾邮件', None), ('收件箱', None)]
2026-02-13 17:37:14,578 - email_utils - INFO - [ThreadPoolExecutor-1_0] - 更新邮箱 ID:10 的检查时间
2026-02-13 17:37:14,735 - email_utils - INFO - [ThreadPoolExecutor-1_0] - 邮箱 ID 10 处理完成，已从处理队列中移除
2026-02-13 17:42:12,131 - email_utils - INFO - [ThreadPoolExecutor-1_0] - 成功获取新的访问令牌
2026-02-13 17:42:12,262 - email_utils - INFO - [ThreadPoolExecutor-1_0] - ===== 开始处理邮箱: suzan2298@outlook.com (ID:10) =====
2026-02-13 17:42:12,957 - email_utils - INFO - [ThreadPoolExecutor-1_0] - Graph folders selected: [('垃圾邮件', None), ('收件箱', None)]
2026-02-13 17:42:15,247 - email_utils - INFO - [ThreadPoolExecutor-1_0] - 更新邮箱 ID:10 的检查时间
2026-02-13 17:42:15,372 - email_utils - INFO - [ThreadPoolExecutor-1_0] - 邮箱 ID 10 处理完成，已从处理队列中移除
2026-02-13 17:47:14,396 - email_utils - INFO - [ThreadPoolExecutor-1_0] - 成功获取新的访问令牌
2026-02-13 17:47:14,534 - email_utils - INFO - [ThreadPoolExecutor-1_0] - ===== 开始处理邮箱: suzan2298@outlook.com (ID:10) =====
2026-02-13 17:47:15,200 - email_utils - INFO - [ThreadPoolExecutor-1_0] - Graph folders selected: [('垃圾邮件', None), ('收件箱', None)]
2026-02-13 17:47:17,473 - email_utils - INFO - [ThreadPoolExecutor-1_0] - 更新邮箱 ID:10 的检查时间
2026-02-13 17:47:17,599 - email_utils - INFO - [ThreadPoolExecutor-1_0] - 邮箱 ID 10 处理完成，已从处理队列中移除
2026-02-13 17:52:08,000 - email_utils - INFO - [Thread-28 (process_request_thread)] - 成功获取新的访问令牌
2026-02-13 17:52:17,199 - email_utils - INFO - [ThreadPoolExecutor-1_0] - 成功获取新的访问令牌
2026-02-13 17:52:17,331 - email_utils - INFO - [ThreadPoolExecutor-1_0] - ===== 开始处理邮箱: suzan2298@outlook.com (ID:10) =====
2026-02-13 17:52:18,338 - email_utils - INFO - [ThreadPoolExecutor-1_0] - Graph folders selected: [('垃圾邮件', None), ('收件箱', None)]
2026-02-13 17:52:20,589 - email_utils - INFO - [ThreadPoolExecutor-1_0] - 更新邮箱 ID:10 的检查时间
2026-02-13 17:52:20,590 - email_utils - ERROR - [ThreadPoolExecutor-1_0] - 更新检查时间失败: 'NoneType' object has no attribute 'execute'
2026-02-13 17:52:20,592 - email_utils - INFO - [ThreadPoolExecutor-1_0] - 邮箱 ID 10 处理完成，已从处理队列中移除
2026-02-13 17:52:35,414 - email_utils - INFO - [ThreadPoolExecutor-1_0] - 成功获取新的访问令牌
2026-02-13 17:52:35,525 - email_utils - INFO - [ThreadPoolExecutor-1_0] - ===== 开始处理邮箱: suzan2298@outlook.com (ID:10) =====
2026-02-13 17:52:36,187 - email_utils - INFO - [ThreadPoolExecutor-1_0] - Graph folders selected: [('垃圾邮件', None), ('收件箱', None)]
2026-02-13 17:52:37,988 - email_utils - INFO - [ThreadPoolExecutor-1_0] - 更新邮箱 ID:10 的检查时间
2026-02-13 17:52:38,103 - email_utils - INFO - [ThreadPoolExecutor-1_0] - 邮箱 ID 10 处理完成，已从处理队列中移除
2026-02-13 17:52:45,926 - email_utils - INFO - [Thread-9 (process_request_thread)] - 成功获取新的访问令牌
2026-02-13 17:56:24,389 - email_utils - INFO - [Thread-12 (process_request_thread)] - 成功获取新的访问令牌
2026-02-13 17:57:38,257 - email_utils - INFO - [ThreadPoolExecutor-1_0] - 成功获取新的访问令牌
2026-02-13 17:57:38,373 - email_utils - INFO - [ThreadPoolExecutor-1_0] - ===== 开始处理邮箱: suzan2298@outlook.com (ID:10) =====
2026-02-13 17:57:39,877 - email_utils - INFO - [ThreadPoolExecutor-1_0] - Graph folders selected: [('垃圾邮件', None), ('收件箱', None)]
2026-02-13 17:57:42,749 - email_utils - INFO - [ThreadPoolExecutor-1_0] - 更新邮箱 ID:10 的检查时间
2026-02-13 17:57:42,874 - email_utils - INFO - [ThreadPoolExecutor-1_0] - 邮箱 ID 10 处理完成，已从处理队列中移除
2026-02-13 18:02:40,619 - email_utils - INFO - [ThreadPoolExecutor-1_0] - 成功获取新的访问令牌
2026-02-13 18:02:40,741 - email_utils - INFO - [ThreadPoolExecutor-1_0] - ===== 开始处理邮箱: suzan2298@outlook.com (ID:10) =====
2026-02-13 18:02:42,062 - email_utils - INFO - [ThreadPoolExecutor-1_0] - Graph folders selected: [('垃圾邮件', None), ('收件箱', None)]
2026-02-13 18:02:44,367 - email_utils - INFO - [ThreadPoolExecutor-1_0] - 更新邮箱 ID:10 的检查时间
2026-02-13 18:02:44,490 - email_utils - INFO - [ThreadPoolExecutor-1_0] - 邮箱 ID 10 处理完成，已从处理队列中移除
2026-02-13 18:07:43,379 - email_utils - INFO - [ThreadPoolExecutor-1_0] - 成功获取新的访问令牌
2026-02-13 18:07:43,500 - email_utils - INFO - [ThreadPoolExecutor-1_0] - ===== 开始处理邮箱: suzan2298@outlook.com (ID:10) =====
2026-02-13 18:07:44,293 - email_utils - INFO - [ThreadPoolExecutor-1_0] - Graph folders selected: [('垃圾邮件', None), ('收件箱', None)]
2026-02-13 18:07:45,937 - email_utils - INFO - [ThreadPoolExecutor-1_0] - 更新邮箱 ID:10 的检查时间
2026-02-13 18:07:46,039 - email_utils - INFO - [ThreadPoolExecutor-1_0] - 邮箱 ID 10 处理完成，已从处理队列中移除
2026-02-13 18:12:45,972 - email_utils - INFO - [ThreadPoolExecutor-1_0] - 成功获取新的访问令牌
2026-02-13 18:12:46,093 - email_utils - INFO - [ThreadPoolExecutor-1_0] - ===== 开始处理邮箱: suzan2298@outlook.com (ID:10) =====
2026-02-13 18:12:47,090 - email_utils - INFO - [ThreadPoolExecutor-1_0] - Graph folders selected: [('垃圾邮件', None), ('收件箱', None)]
2026-02-13 18:12:48,282 - email_utils - INFO - [ThreadPoolExecutor-1_0] - 更新邮箱 ID:10 的检查时间
2026-02-13 18:12:48,389 - email_utils - INFO - [ThreadPoolExecutor-1_0] - 邮箱 ID 10 处理完成，已从处理队列中移除
2026-02-13 18:17:48,756 - email_utils - INFO - [ThreadPoolExecutor-1_0] - 成功获取新的访问令牌
2026-02-13 18:17:48,860 - email_utils - INFO - [ThreadPoolExecutor-1_0] - ===== 开始处理邮箱: suzan2298@outlook.com (ID:10) =====
2026-02-13 18:17:49,651 - email_utils - INFO - [ThreadPoolExecutor-1_0] - Graph folders selected: [('垃圾邮件', None), ('收件箱', None)]
2026-02-13 18:17:51,280 - email_utils - INFO - [ThreadPoolExecutor-1_0] - 更新邮箱 ID:10 的检查时间
2026-02-13 18:17:51,393 - email_utils - INFO - [ThreadPoolExecutor-1_0] - 邮箱 ID 10 处理完成，已从处理队列中移除
2026-02-13 18:22:51,431 - email_utils - INFO - [ThreadPoolExecutor-1_0] - 成功获取新的访问令牌
2026-02-13 18:22:51,555 - email_utils - INFO - [ThreadPoolExecutor-1_0] - ===== 开始处理邮箱: suzan2298@outlook.com (ID:10) =====
2026-02-13 18:22:52,708 - email_utils - INFO - [ThreadPoolExecutor-1_0] - Graph folders selected: [('垃圾邮件', None), ('收件箱', None)]
2026-02-13 18:22:54,372 - email_utils - INFO - [ThreadPoolExecutor-1_0] - 更新邮箱 ID:10 的检查时间
2026-02-13 18:22:54,497 - email_utils - INFO - [ThreadPoolExecutor-1_0] - 邮箱 ID 10 处理完成，已从处理队列中移除
2026-02-13 18:27:54,107 - email_utils - INFO - [ThreadPoolExecutor-1_0] - 成功获取新的访问令牌
2026-02-13 18:27:54,240 - email_utils - INFO - [ThreadPoolExecutor-1_0] - ===== 开始处理邮箱: suzan2298@outlook.com (ID:10) =====
2026-02-13 18:27:55,500 - email_utils - INFO - [ThreadPoolExecutor-1_0] - Graph folders selected: [('垃圾邮件', None), ('收件箱', None)]
2026-02-13 18:27:57,640 - email_utils - INFO - [ThreadPoolExecutor-1_0] - 更新邮箱 ID:10 的检查时间
2026-02-13 18:27:57,758 - email_utils - INFO - [ThreadPoolExecutor-1_0] - 邮箱 ID 10 处理完成，已从处理队列中移除
2026-02-13 18:32:56,986 - email_utils - INFO - [ThreadPoolExecutor-1_0] - 成功获取新的访问令牌
2026-02-13 18:32:57,108 - email_utils - INFO - [ThreadPoolExecutor-1_0] - ===== 开始处理邮箱: suzan2298@outlook.com (ID:10) =====
2026-02-13 18:32:57,740 - email_utils - INFO - [ThreadPoolExecutor-1_0] - Graph folders selected: [('垃圾邮件', None), ('收件箱', None)]
2026-02-13 18:33:00,116 - email_utils - INFO - [ThreadPoolExecutor-1_0] - 更新邮箱 ID:10 的检查时间
2026-02-13 18:33:00,240 - email_utils - INFO - [ThreadPoolExecutor-1_0] - 邮箱 ID 10 处理完成，已从处理队列中移除
2026-02-13 18:38:00,037 - email_utils - INFO - [ThreadPoolExecutor-1_0] - 成功获取新的访问令牌
2026-02-13 18:38:00,145 - email_utils - INFO - [ThreadPoolExecutor-1_0] - ===== 开始处理邮箱: suzan2298@outlook.com (ID:10) =====
2026-02-13 18:38:00,800 - email_utils - INFO - [ThreadPoolExecutor-1_0] - Graph folders selected: [('垃圾邮件', None), ('收件箱', None)]
2026-02-13 18:38:02,214 - email_utils - INFO - [ThreadPoolExecutor-1_0] - 更新邮箱 ID:10 的检查时间
2026-02-13 18:38:02,361 - email_utils - INFO - [ThreadPoolExecutor-1_0] - 邮箱 ID 10 处理完成，已从处理队列中移除
2026-02-13 18:43:01,849 - email_utils - INFO - [ThreadPoolExecutor-1_0] - 成功获取新的访问令牌
2026-02-13 18:43:01,965 - email_utils - INFO - [ThreadPoolExecutor-1_0] - ===== 开始处理邮箱: suzan2298@outlook.com (ID:10) =====
2026-02-13 18:43:02,591 - email_utils - INFO - [ThreadPoolExecutor-1_0] - Graph folders selected: [('垃圾邮件', None), ('收件箱', None)]
2026-02-13 18:43:03,860 - email_utils - INFO - [ThreadPoolExecutor-1_0] - 更新邮箱 ID:10 的检查时间
2026-02-13 18:43:03,972 - email_utils - INFO - [ThreadPoolExecutor-1_0] - 邮箱 ID 10 处理完成，已从处理队列中移除
2026-02-13 18:48:05,005 - email_utils - INFO - [ThreadPoolExecutor-1_0] - 成功获取新的访问令牌
2026-02-13 18:48:05,137 - email_utils - INFO - [ThreadPoolExecutor-1_0] - ===== 开始处理邮箱: suzan2298@outlook.com (ID:10) =====
2026-02-13 18:48:06,152 - email_utils - INFO - [ThreadPoolExecutor-1_0] - Graph folders selected: [('垃圾邮件', None), ('收件箱', None)]
2026-02-13 18:48:07,731 - email_utils - INFO - [ThreadPoolExecutor-1_0] - 更新邮箱 ID:10 的检查时间
2026-02-13 18:48:07,852 - email_utils - INFO - [ThreadPoolExecutor-1_0] - 邮箱 ID 10 处理完成，已从处理队列中移除
2026-02-13 18:53:07,386 - email_utils - INFO - [ThreadPoolExecutor-1_0] - 成功获取新的访问令牌
2026-02-13 18:53:07,509 - email_utils - INFO - [ThreadPoolExecutor-1_0] - ===== 开始处理邮箱: suzan2298@outlook.com (ID:10) =====
2026-02-13 18:53:08,327 - email_utils - INFO - [ThreadPoolExecutor-1_0] - Graph folders selected: [('垃圾邮件', None), ('收件箱', None)]
2026-02-13 18:53:09,981 - email_utils - INFO - [ThreadPoolExecutor-1_0] - 更新邮箱 ID:10 的检查时间
2026-02-13 18:53:10,102 - email_utils - INFO - [ThreadPoolExecutor-1_0] - 邮箱 ID 10 处理完成，已从处理队列中移除
2026-02-13 18:58:10,039 - email_utils - INFO - [ThreadPoolExecutor-1_0] - 成功获取新的访问令牌
2026-02-13 18:58:10,157 - email_utils - INFO - [ThreadPoolExecutor-1_0] - ===== 开始处理邮箱: suzan2298@outlook.com (ID:10) =====
2026-02-13 18:58:11,372 - email_utils - INFO - [ThreadPoolExecutor-1_0] - Graph folders selected: [('垃圾邮件', None), ('收件箱', None)]
2026-02-13 18:58:12,857 - email_utils - INFO - [ThreadPoolExecutor-1_0] - 更新邮箱 ID:10 的检查时间
2026-02-13 18:58:12,973 - email_utils - INFO - [ThreadPoolExecutor-1_0] - 邮箱 ID 10 处理完成，已从处理队列中移除
2026-02-13 19:03:12,590 - email_utils - INFO - [ThreadPoolExecutor-1_0] - 成功获取新的访问令牌
2026-02-13 19:03:12,712 - email_utils - INFO - [ThreadPoolExecutor-1_0] - ===== 开始处理邮箱: suzan2298@outlook.com (ID:10) =====
2026-02-13 19:03:13,365 - email_utils - INFO - [ThreadPoolExecutor-1_0] - Graph folders selected: [('垃圾邮件', None), ('收件箱', None)]
2026-02-13 19:03:17,037 - email_utils - INFO - [ThreadPoolExecutor-1_0] - 更新邮箱 ID:10 的检查时间
2026-02-13 19:03:17,155 - email_utils - INFO - [ThreadPoolExecutor-1_0] - 邮箱 ID 10 处理完成，已从处理队列中移除
2026-02-13 19:08:15,406 - email_utils - INFO - [ThreadPoolExecutor-1_0] - 成功获取新的访问令牌
2026-02-13 19:08:15,539 - email_utils - INFO - [ThreadPoolExecutor-1_0] - ===== 开始处理邮箱: suzan2298@outlook.com (ID:10) =====
2026-02-13 19:08:16,584 - email_utils - INFO - [ThreadPoolExecutor-1_0] - Graph folders selected: [('垃圾邮件', None), ('收件箱', None)]
2026-02-13 19:08:17,894 - email_utils - INFO - [ThreadPoolExecutor-1_0] - 更新邮箱 ID:10 的检查时间
2026-02-13 19:08:18,016 - email_utils - INFO - [ThreadPoolExecutor-1_0] - 邮箱 ID 10 处理完成，已从处理队列中移除
2026-02-13 19:13:17,787 - email_utils - INFO - [ThreadPoolExecutor-1_0] - 成功获取新的访问令牌
2026-02-13 19:13:17,910 - email_utils - INFO - [ThreadPoolExecutor-1_0] - ===== 开始处理邮箱: suzan2298@outlook.com (ID:10) =====
2026-02-13 19:13:18,600 - email_utils - INFO - [ThreadPoolExecutor-1_0] - Graph folders selected: [('垃圾邮件', None), ('收件箱', None)]
2026-02-13 19:13:20,927 - email_utils - INFO - [ThreadPoolExecutor-1_0] - 更新邮箱 ID:10 的检查时间
2026-02-13 19:13:21,053 - email_utils - INFO - [ThreadPoolExecutor-1_0] - 邮箱 ID 10 处理完成，已从处理队列中移除
2026-02-13 19:18:20,688 - email_utils - INFO - [ThreadPoolExecutor-1_0] - 成功获取新的访问令牌
2026-02-13 19:18:20,792 - email_utils - INFO - [ThreadPoolExecutor-1_0] - ===== 开始处理邮箱: suzan2298@outlook.com (ID:10) =====
2026-02-13 19:18:21,873 - email_utils - INFO - [ThreadPoolExecutor-1_0] - Graph folders selected: [('垃圾邮件', None), ('收件箱', None)]
2026-02-13 19:18:23,894 - email_utils - INFO - [ThreadPoolExecutor-1_0] - 更新邮箱 ID:10 的检查时间
2026-02-13 19:18:24,003 - email_utils - INFO - [ThreadPoolExecutor-1_0] - 邮箱 ID 10 处理完成，已从处理队列中移除
2026-02-13 19:24:43,989 - email_utils - ERROR - [ThreadPoolExecutor-1_0] - 刷新令牌过程中发生异常: HTTPSConnectionPool(host='login.microsoftonline.com', port=443): Max retries exceeded with url: /common/oauth2/v2.0/token (Caused by SSLError(SSLEOFError(8, 'EOF occurred in violation of protocol (_ssl.c:1007)')))
2026-02-13 19:24:44,000 - email_utils - INFO - [ThreadPoolExecutor-1_0] - 邮箱 ID 10 处理完成，已从处理队列中移除
2026-02-13 19:28:25,711 - email_utils - INFO - [ThreadPoolExecutor-1_0] - 成功获取新的访问令牌
2026-02-13 19:28:25,847 - email_utils - INFO - [ThreadPoolExecutor-1_0] - ===== 开始处理邮箱: suzan2298@outlook.com (ID:10) =====
2026-02-13 19:28:27,448 - email_utils - INFO - [ThreadPoolExecutor-1_0] - Graph folders selected: [('垃圾邮件', None), ('收件箱', None)]
2026-02-13 19:28:29,218 - email_utils - INFO - [ThreadPoolExecutor-1_0] - 更新邮箱 ID:10 的检查时间
2026-02-13 19:28:29,336 - email_utils - INFO - [ThreadPoolExecutor-1_0] - 邮箱 ID 10 处理完成，已从处理队列中移除
2026-02-13 19:33:28,361 - email_utils - INFO - [ThreadPoolExecutor-1_0] - 成功获取新的访问令牌
2026-02-13 19:33:28,482 - email_utils - INFO - [ThreadPoolExecutor-1_0] - ===== 开始处理邮箱: suzan2298@outlook.com (ID:10) =====
2026-02-13 19:33:29,157 - email_utils - INFO - [ThreadPoolExecutor-1_0] - Graph folders selected: [('垃圾邮件', None), ('收件箱', None)]
2026-02-13 19:33:30,702 - email_utils - INFO - [ThreadPoolExecutor-1_0] - 更新邮箱 ID:10 的检查时间
2026-02-13 19:33:30,821 - email_utils - INFO - [ThreadPoolExecutor-1_0] - 邮箱 ID 10 处理完成，已从处理队列中移除
2026-02-13 19:38:31,222 - email_utils - INFO - [ThreadPoolExecutor-1_0] - 成功获取新的访问令牌
2026-02-13 19:38:31,333 - email_utils - INFO - [ThreadPoolExecutor-1_0] - ===== 开始处理邮箱: suzan2298@outlook.com (ID:10) =====
2026-02-13 19:38:32,179 - email_utils - INFO - [ThreadPoolExecutor-1_0] - Graph folders selected: [('垃圾邮件', None), ('收件箱', None)]
2026-02-13 19:38:33,630 - email_utils - INFO - [ThreadPoolExecutor-1_0] - 更新邮箱 ID:10 的检查时间
2026-02-13 19:38:33,769 - email_utils - INFO - [ThreadPoolExecutor-1_0] - 邮箱 ID 10 处理完成，已从处理队列中移除
2026-02-13 19:43:33,902 - email_utils - INFO - [ThreadPoolExecutor-1_0] - 成功获取新的访问令牌
2026-02-13 19:43:34,025 - email_utils - INFO - [ThreadPoolExecutor-1_0] - ===== 开始处理邮箱: suzan2298@outlook.com (ID:10) =====
2026-02-13 19:43:34,652 - email_utils - INFO - [ThreadPoolExecutor-1_0] - Graph folders selected: [('垃圾邮件', None), ('收件箱', None)]
2026-02-13 19:43:36,105 - email_utils - INFO - [ThreadPoolExecutor-1_0] - 更新邮箱 ID:10 的检查时间
2026-02-13 19:43:36,230 - email_utils - INFO - [ThreadPoolExecutor-1_0] - 邮箱 ID 10 处理完成，已从处理队列中移除
2026-02-13 19:48:36,518 - email_utils - INFO - [ThreadPoolExecutor-1_0] - 成功获取新的访问令牌
2026-02-13 19:48:36,641 - email_utils - INFO - [ThreadPoolExecutor-1_0] - ===== 开始处理邮箱: suzan2298@outlook.com (ID:10) =====
2026-02-13 19:48:38,664 - email_utils - INFO - [ThreadPoolExecutor-1_0] - Graph folders selected: [('垃圾邮件', None), ('收件箱', None)]
2026-02-13 19:48:39,920 - email_utils - INFO - [ThreadPoolExecutor-1_0] - 更新邮箱 ID:10 的检查时间
2026-02-13 19:48:40,035 - email_utils - INFO - [ThreadPoolExecutor-1_0] - 邮箱 ID 10 处理完成，已从处理队列中移除
2026-02-13 19:53:38,789 - email_utils - INFO - [ThreadPoolExecutor-1_0] - 成功获取新的访问令牌
2026-02-13 19:53:38,900 - email_utils - INFO - [ThreadPoolExecutor-1_0] - ===== 开始处理邮箱: suzan2298@outlook.com (ID:10) =====
2026-02-13 19:53:39,729 - email_utils - INFO - [ThreadPoolExecutor-1_0] - Graph folders selected: [('垃圾邮件', None), ('收件箱', None)]
2026-02-13 19:53:40,939 - email_utils - INFO - [ThreadPoolExecutor-1_0] - 更新邮箱 ID:10 的检查时间
2026-02-13 19:53:41,058 - email_utils - INFO - [ThreadPoolExecutor-1_0] - 邮箱 ID 10 处理完成，已从处理队列中移除
2026-02-13 19:58:41,152 - email_utils - INFO - [ThreadPoolExecutor-1_0] - 成功获取新的访问令牌
2026-02-13 19:58:41,274 - email_utils - INFO - [ThreadPoolExecutor-1_0] - ===== 开始处理邮箱: suzan2298@outlook.com (ID:10) =====
2026-02-13 19:58:43,446 - email_utils - INFO - [ThreadPoolExecutor-1_0] - Graph folders selected: [('垃圾邮件', None), ('收件箱', None)]
2026-02-13 19:58:45,471 - email_utils - INFO - [ThreadPoolExecutor-1_0] - 更新邮箱 ID:10 的检查时间
2026-02-13 19:58:45,583 - email_utils - INFO - [ThreadPoolExecutor-1_0] - 邮箱 ID 10 处理完成，已从处理队列中移除
2026-02-13 20:03:44,176 - email_utils - INFO - [ThreadPoolExecutor-1_0] - 成功获取新的访问令牌
2026-02-13 20:03:44,289 - email_utils - INFO - [ThreadPoolExecutor-1_0] - ===== 开始处理邮箱: suzan2298@outlook.com (ID:10) =====
2026-02-13 20:03:45,027 - email_utils - INFO - [ThreadPoolExecutor-1_0] - Graph folders selected: [('垃圾邮件', None), ('收件箱', None)]
2026-02-13 20:03:46,445 - email_utils - INFO - [ThreadPoolExecutor-1_0] - 更新邮箱 ID:10 的检查时间
2026-02-13 20:03:46,555 - email_utils - INFO - [ThreadPoolExecutor-1_0] - 邮箱 ID 10 处理完成，已从处理队列中移除
2026-02-13 20:08:46,584 - email_utils - INFO - [ThreadPoolExecutor-1_0] - 成功获取新的访问令牌
2026-02-13 20:08:46,704 - email_utils - INFO - [ThreadPoolExecutor-1_0] - ===== 开始处理邮箱: suzan2298@outlook.com (ID:10) =====
2026-02-13 20:08:48,778 - email_utils - INFO - [ThreadPoolExecutor-1_0] - Graph folders selected: [('垃圾邮件', None), ('收件箱', None)]
2026-02-13 20:08:50,786 - email_utils - INFO - [ThreadPoolExecutor-1_0] - 更新邮箱 ID:10 的检查时间
2026-02-13 20:08:50,903 - email_utils - INFO - [ThreadPoolExecutor-1_0] - 邮箱 ID 10 处理完成，已从处理队列中移除
2026-02-13 20:13:52,126 - email_utils - INFO - [ThreadPoolExecutor-1_0] - 成功获取新的访问令牌
2026-02-13 20:13:52,262 - email_utils - INFO - [ThreadPoolExecutor-1_0] - ===== 开始处理邮箱: suzan2298@outlook.com (ID:10) =====
2026-02-13 20:13:52,927 - email_utils - INFO - [ThreadPoolExecutor-1_0] - Graph folders selected: [('垃圾邮件', None), ('收件箱', None)]
2026-02-13 20:13:54,316 - email_utils - INFO - [ThreadPoolExecutor-1_0] - 更新邮箱 ID:10 的检查时间
2026-02-13 20:13:54,433 - email_utils - INFO - [ThreadPoolExecutor-1_0] - 邮箱 ID 10 处理完成，已从处理队列中移除
2026-02-13 20:18:52,028 - email_utils - INFO - [ThreadPoolExecutor-1_0] - 成功获取新的访问令牌
2026-02-13 20:18:52,157 - email_utils - INFO - [ThreadPoolExecutor-1_0] - ===== 开始处理邮箱: suzan2298@outlook.com (ID:10) =====
2026-02-13 20:18:53,185 - email_utils - INFO - [ThreadPoolExecutor-1_0] - Graph folders selected: [('垃圾邮件', None), ('收件箱', None)]
2026-02-13 20:18:54,871 - email_utils - INFO - [ThreadPoolExecutor-1_0] - 更新邮箱 ID:10 的检查时间
2026-02-13 20:18:55,006 - email_utils - INFO - [ThreadPoolExecutor-1_0] - 邮箱 ID 10 处理完成，已从处理队列中移除
2026-02-13 20:24:14,521 - email_utils - INFO - [ThreadPoolExecutor-1_0] - 成功获取新的访问令牌
2026-02-13 20:24:14,626 - email_utils - INFO - [ThreadPoolExecutor-1_0] - ===== 开始处理邮箱: suzan2298@outlook.com (ID:10) =====
2026-02-13 20:24:16,689 - email_utils - INFO - [ThreadPoolExecutor-1_0] - Graph folders selected: [('垃圾邮件', None), ('收件箱', None)]
2026-02-13 20:24:24,463 - email_utils - INFO - [ThreadPoolExecutor-1_0] - 更新邮箱 ID:10 的检查时间
2026-02-13 20:24:24,570 - email_utils - INFO - [ThreadPoolExecutor-1_0] - 邮箱 ID 10 处理完成，已从处理队列中移除
